

Microchip Technology PIC18 Macro Assembler V1.12 build 49521 
                                                                                                           Fri Aug 22 11:11:24 2014


     1                           
     2                           	; Microchip MPLAB XC8 C Compiler V1.12
     3                           	; Copyright (C) 1984-2012 HI-TECH Software
     4                           
     5                           	; Auto-generated runtime startup code for final link stage.
     6                           
     7                           	;
     8                           	; Compiler options:
     9                           	;
    10                           	; -ocurrent.cof -mcurrent.map --summary=default --output=default lcd.p1 \
    11                           	; acs712.p1 --chip=18F2550 -P --runtime=default --opt=default -N-1 \
    12                           	; -D__DEBUG=1 -g --asmlist --errformat=Error   [%n] %f; %l.%c %s \
    13                           	; --msgformat=Advisory[%n] %s --warnformat=Warning [%n] %f; %l.%c %s
    14                           	;
    15                           
    16                           
    17                           	processor	18F2550
    18                           
    19                           	GLOBAL	_main,start
    20                           	FNROOT	_main
    21                           
    22  0000                     	pic18cxx	equ	1
    23                           
    24                           	; Microchip MPLAB XC8 C Compiler V1.12
    25                           	; Copyright (C) 1984-2012 HI-TECH Software
    26                           
    27                           	; Auto-generated runtime startup code for final link stage.
    28                           
    29                           	;
    30                           	; Compiler options:
    31                           	;
    32                           	; -ocurrent.cof -mcurrent.map --summary=default --output=default lcd.p1 \
    33                           	; acs712.p1 --chip=18F2550 -P --runtime=default --opt=default -N-1 \
    34                           	; -D__DEBUG=1 -g --asmlist --errformat=Error   [%n] %f; %l.%c %s \
    35                           	; --msgformat=Advisory[%n] %s --warnformat=Warning [%n] %f; %l.%c %s
    36                           	;
    37                           
    38                           
    39                           	processor	18F2550
    40                           
    41                           	GLOBAL	_main,start
    42                           	FNROOT	_main
    43                           
    44                           	pic18cxx	equ	1
    45                           
    46                           	psect	config,class=CONFIG,delta=1
    47                           	psect	idloc,class=IDLOC,delta=1
    48                           	psect	const,class=CODE,delta=1,reloc=2
    49                           	psect	smallconst,class=SMALLCONST,delta=1,reloc=2
    50                           	psect	mediumconst,class=MEDIUMCONST,delta=1,reloc=2
    51                           	psect	rbss,class=COMRAM,space=1
    52                           	psect	bss,class=RAM,space=1
    53                           	psect	rdata,class=COMRAM,space=1
    54                           	psect	irdata,class=CODE,space=0,reloc=2
    55                           	psect	bss,class=RAM,space=1
    56                           	psect	data,class=RAM,space=1
    57                           	psect	idata,class=CODE,space=0,reloc=2
    58                           	psect	nvrram,class=COMRAM,space=1
    59                           	psect	nvbit,class=COMRAM,bit,space=1
    60  000000                     intlevel0:
    61  000000                     intlevel1:
    62  000000                     intlevel2:
    63                           
    64  000000                     intlevel3:
    65                           
    66                           	; Microchip MPLAB XC8 C Compiler V1.12
    67                           	; Copyright (C) 1984-2012 HI-TECH Software
    68                           
    69                           	; Auto-generated runtime startup code for final link stage.
    70                           
    71  000800                     __smallconst:
    72                           
    73                           	; Microchip MPLAB XC8 C Compiler V1.12
    74  000000                     __mediumconst:
    75  0000                     wreg	EQU	0FE8h
    76  0000                     fsr0l	EQU	0FE9h
    77  0000                     fsr0h	EQU	0FEAh
    78  0000                     fsr1l	EQU	0FE1h
    79  0000                     fsr1h	EQU	0FE2h
    80  0000                     fsr2l	EQU	0FD9h
    81  0000                     fsr2h	EQU	0FDAh
    82  0000                     postinc0	EQU	0FEEh
    83  0000                     postdec0	EQU	0FEDh
    84  0000                     postinc1	EQU	0FE6h
    85  0000                     postdec1	EQU	0FE5h
    86  0000                     postinc2	EQU	0FDEh
    87  0000                     postdec2	EQU	0FDDh
    88  0000                     tblptrl	EQU	0FF6h
    89  0000                     tblptrh	EQU	0FF7h
    90  0000                     tblptru	EQU	0FF8h
    91  0000                     tablat		EQU	0FF5h
    92                           
    93                           	; Microchip MPLAB XC8 C Compiler V1.12
    94                           	; Copyright (C) 1984-2012 HI-TECH Software
    95                           
    96                           	; Auto-generated runtime startup code for final link stage.
    97  000800                     __ramtop:
    98                           
    99                           	; Microchip MPLAB XC8 C Compiler V1.12
   100  000000                     reset_vec:
   101                           
   102                           	; Microchip MPLAB XC8 C Compiler V1.12
   103                           	; Copyright (C) 1984-2012 HI-TECH Software
   104  0000                     __accesstop EQU 96
   105                           
   106                           	; Microchip MPLAB XC8 C Compiler V1.12
   107                           	; Copyright (C) 1984-2012 HI-TECH Software
   108  000000                     start:
   109                           
   110                           	; Microchip MPLAB XC8 C Compiler V1.12
   111  000000  EFFC  F007         	goto start_initialization	;jump to C runtime clear & initialization
   112                           
   113                           	; Microchip MPLAB XC8 C Compiler V1.12
   114                           	; Copyright (C) 1984-2012 HI-TECH Software
   115                           
   116                           	; Auto-generated runtime startup code for final link stage.
   117  300000                     		org 0x0
   118  300000  00                 		db 0x0
   119                           
   120                           	; Microchip MPLAB XC8 C Compiler V1.12
   121                           	; Copyright (C) 1984-2012 HI-TECH Software
   122                           
   123                           	; Auto-generated runtime startup code for final link stage.
   124                           
   125                           	;
   126                           	; Compiler options:
   127                           	;
   128                           	; -ocurrent.cof -mcurrent.map --summary=default --output=default lcd.p1 \
   129  300001                     		org 0x1
   130  300001  0C                 		db 0xC
   131                           
   132                           	; Microchip MPLAB XC8 C Compiler V1.12
   133                           	; Copyright (C) 1984-2012 HI-TECH Software
   134                           
   135                           	; Auto-generated runtime startup code for final link stage.
   136  300002                     		org 0x2
   137  300002  1F                 		db 0x1F
   138                           
   139                           	; Microchip MPLAB XC8 C Compiler V1.12
   140                           	; Copyright (C) 1984-2012 HI-TECH Software
   141                           
   142                           	; Auto-generated runtime startup code for final link stage.
   143                           
   144                           	;
   145                           	; Compiler options:
   146  300003                     		org 0x3
   147  300003  1E                 		db 0x1E
   148                           
   149                           	; Microchip MPLAB XC8 C Compiler V1.12
   150                           	; Copyright (C) 1984-2012 HI-TECH Software
   151  300004                     		org 0x4
   152  300004  FF                 		db 0xFF
   153                           
   154                           	; Microchip MPLAB XC8 C Compiler V1.12
   155                           	; Copyright (C) 1984-2012 HI-TECH Software
   156                           
   157                           	; Auto-generated runtime startup code for final link stage.
   158                           
   159                           	;
   160                           	; Compiler options:
   161                           	;
   162                           	; -ocurrent.cof -mcurrent.map --summary=default --output=default lcd.p1 \
   163                           	; acs712.p1 --chip=18F2550 -P --runtime=default --opt=default -N-1 \
   164                           	; -D__DEBUG=1 -g --asmlist --errformat=Error   [%n] %f; %l.%c %s \
   165  300005                     		org 0x5
   166  300005  81                 		db 0x81
   167                           
   168                           	; Microchip MPLAB XC8 C Compiler V1.12
   169                           	; Copyright (C) 1984-2012 HI-TECH Software
   170                           
   171                           	; Auto-generated runtime startup code for final link stage.
   172                           
   173                           	;
   174                           	; Compiler options:
   175                           	;
   176                           	; -ocurrent.cof -mcurrent.map --summary=default --output=default lcd.p1 \
   177                           	; acs712.p1 --chip=18F2550 -P --runtime=default --opt=default -N-1 \
   178                           	; -D__DEBUG=1 -g --asmlist --errformat=Error   [%n] %f; %l.%c %s \
   179  300006                     		org 0x6
   180  300006  81                 		db 0x81
   181                           
   182                           	; Microchip MPLAB XC8 C Compiler V1.12
   183                           	; Copyright (C) 1984-2012 HI-TECH Software
   184  300007                     		org 0x7
   185  300007  FF                 		db 0xFF


Microchip Technology PIC18 Macro Assembler V1.12 build 49521 
Symbol Table                                                                                               Fri Aug 22 11:11:24 2014

                __S1 002C                 _main 081A                 start 0000                __HRAM 0000  
              __LRAM 0001         __mediumconst 0000           __accesstop 000060              __ramtop 0800  
start_initialization 0FF8          __smallconst 0800             intlevel0 0000             intlevel1 0000  
           intlevel2 0000             intlevel3 0000             reset_vec 0000  
